0 info it worked if it ends with ok
1 verbose cli [ '/usr/local/Cellar/node/5.7.1/bin/node',
1 verbose cli   '/usr/local/bin/npm',
1 verbose cli   'bugs',
1 verbose cli   'weekend_challenge_3' ]
2 info using npm@3.6.0
3 info using node@v5.7.1
4 silly fetchPackageMetaData weekend_challenge_3
5 silly fetchNamedPackageData weekend_challenge_3
6 silly mapToRegistry name weekend_challenge_3
7 silly mapToRegistry using default registry
8 silly mapToRegistry registry https://registry.npmjs.org/
9 silly mapToRegistry uri https://registry.npmjs.org/weekend_challenge_3
10 verbose request uri https://registry.npmjs.org/weekend_challenge_3
11 verbose request no auth needed
12 info attempt registry request try #1 at 11:56:04 AM
13 verbose request id 898dfcf0c75fdb90
14 http request GET https://registry.npmjs.org/weekend_challenge_3
15 http 404 https://registry.npmjs.org/weekend_challenge_3
16 verbose headers { 'content-type': 'application/json',
16 verbose headers   'cache-control': 'max-age=0',
16 verbose headers   'content-length': '2',
16 verbose headers   'accept-ranges': 'bytes',
16 verbose headers   date: 'Sat, 12 Mar 2016 17:56:04 GMT',
16 verbose headers   via: '1.1 varnish',
16 verbose headers   age: '0',
16 verbose headers   connection: 'keep-alive',
16 verbose headers   'x-served-by': 'cache-dfw1829-DFW',
16 verbose headers   'x-cache': 'MISS',
16 verbose headers   'x-cache-hits': '0',
16 verbose headers   'x-timer': 'S1457805364.541396,VS0,VE281' }
17 silly get cb [ 404,
17 silly get   { 'content-type': 'application/json',
17 silly get     'cache-control': 'max-age=0',
17 silly get     'content-length': '2',
17 silly get     'accept-ranges': 'bytes',
17 silly get     date: 'Sat, 12 Mar 2016 17:56:04 GMT',
17 silly get     via: '1.1 varnish',
17 silly get     age: '0',
17 silly get     connection: 'keep-alive',
17 silly get     'x-served-by': 'cache-dfw1829-DFW',
17 silly get     'x-cache': 'MISS',
17 silly get     'x-cache-hits': '0',
17 silly get     'x-timer': 'S1457805364.541396,VS0,VE281' } ]
18 silly fetchPackageMetaData Error: Registry returned 404 for GET on https://registry.npmjs.org/weekend_challenge_3
18 silly fetchPackageMetaData     at makeError (/usr/local/lib/node_modules/npm/node_modules/npm-registry-client/lib/request.js:264:12)
18 silly fetchPackageMetaData     at CachingRegistryClient.<anonymous> (/usr/local/lib/node_modules/npm/node_modules/npm-registry-client/lib/request.js:242:14)
18 silly fetchPackageMetaData     at Request._callback (/usr/local/lib/node_modules/npm/node_modules/npm-registry-client/lib/request.js:172:14)
18 silly fetchPackageMetaData     at Request.self.callback (/usr/local/lib/node_modules/npm/node_modules/request/request.js:198:22)
18 silly fetchPackageMetaData     at emitTwo (events.js:100:13)
18 silly fetchPackageMetaData     at Request.emit (events.js:185:7)
18 silly fetchPackageMetaData     at Request.<anonymous> (/usr/local/lib/node_modules/npm/node_modules/request/request.js:1035:10)
18 silly fetchPackageMetaData     at emitOne (events.js:95:20)
18 silly fetchPackageMetaData     at Request.emit (events.js:182:7)
18 silly fetchPackageMetaData     at IncomingMessage.<anonymous> (/usr/local/lib/node_modules/npm/node_modules/request/request.js:962:12)
18 silly fetchPackageMetaData  error for weekend_challenge_3 { [Error: Registry returned 404 for GET on https://registry.npmjs.org/weekend_challenge_3] pkgid: 'weekend_challenge_3', statusCode: 404, code: 'E404' }
19 verbose stack Error: Registry returned 404 for GET on https://registry.npmjs.org/weekend_challenge_3
19 verbose stack     at makeError (/usr/local/lib/node_modules/npm/node_modules/npm-registry-client/lib/request.js:264:12)
19 verbose stack     at CachingRegistryClient.<anonymous> (/usr/local/lib/node_modules/npm/node_modules/npm-registry-client/lib/request.js:242:14)
19 verbose stack     at Request._callback (/usr/local/lib/node_modules/npm/node_modules/npm-registry-client/lib/request.js:172:14)
19 verbose stack     at Request.self.callback (/usr/local/lib/node_modules/npm/node_modules/request/request.js:198:22)
19 verbose stack     at emitTwo (events.js:100:13)
19 verbose stack     at Request.emit (events.js:185:7)
19 verbose stack     at Request.<anonymous> (/usr/local/lib/node_modules/npm/node_modules/request/request.js:1035:10)
19 verbose stack     at emitOne (events.js:95:20)
19 verbose stack     at Request.emit (events.js:182:7)
19 verbose stack     at IncomingMessage.<anonymous> (/usr/local/lib/node_modules/npm/node_modules/request/request.js:962:12)
20 verbose statusCode 404
21 verbose pkgid weekend_challenge_3
22 verbose cwd /Users/Brady/Desktop/Prime_Digital_Academy/Weekend_Challenges/Weekend_Challenge_3
23 error Darwin 15.4.0
24 error argv "/usr/local/Cellar/node/5.7.1/bin/node" "/usr/local/bin/npm" "bugs" "weekend_challenge_3"
25 error node v5.7.1
26 error npm  v3.6.0
27 error code E404
28 error 404 Registry returned 404 for GET on https://registry.npmjs.org/weekend_challenge_3
29 error 404
30 error 404 'weekend_challenge_3' is not in the npm registry.
31 error 404 You should bug the author to publish it (or use the name yourself!)
32 error 404 Note that you can also install from a
33 error 404 tarball, folder, http url, or git url.
34 verbose exit [ 1, true ]
